07:43:17.627 [INFO] (pointrobot_trainer.py:91) Restored None
07:43:17.662 [INFO] (pointrobot_trainer.py:180) Total Epi:     1 Steps:       7 Episode Steps:     7 Return:  0.9400 Last reward:  1.0000 FPS:  210.64
07:43:21.904 [INFO] (pointrobot_trainer.py:180) Total Epi:     2 Steps:      18 Episode Steps:    11 Return: -1.1000 Last reward: -1.0000 FPS:  2.60
07:43:21.944 [INFO] (pointrobot_trainer.py:180) Total Epi:     3 Steps:      24 Episode Steps:     6 Return: -1.0500 Last reward: -1.0000 FPS:  151.51
07:43:21.962 [INFO] (pointrobot_trainer.py:180) Total Epi:     4 Steps:      25 Episode Steps:     1 Return: -1.0000 Last reward: -1.0000 FPS:  61.51
07:43:21.979 [INFO] (pointrobot_trainer.py:180) Total Epi:     5 Steps:      27 Episode Steps:     2 Return: -1.0100 Last reward: -1.0000 FPS:  129.33
07:43:22.175 [INFO] (pointrobot_trainer.py:180) Total Epi:     6 Steps:      62 Episode Steps:    35 Return: -1.3400 Last reward: -1.0000 FPS:  179.62
07:43:22.241 [INFO] (pointrobot_trainer.py:180) Total Epi:     7 Steps:      71 Episode Steps:     9 Return: -1.0800 Last reward: -1.0000 FPS:  138.38
07:43:22.249 [INFO] (pointrobot_trainer.py:180) Total Epi:     8 Steps:      72 Episode Steps:     1 Return: -1.0000 Last reward: -1.0000 FPS:  147.94
07:43:22.267 [INFO] (pointrobot_trainer.py:180) Total Epi:     9 Steps:      73 Episode Steps:     1 Return: -1.0000 Last reward: -1.0000 FPS:  61.02
07:43:22.363 [INFO] (pointrobot_trainer.py:180) Total Epi:    10 Steps:      90 Episode Steps:    17 Return: -1.1600 Last reward: -1.0000 FPS:  180.55
07:43:22.381 [INFO] (pointrobot_trainer.py:180) Total Epi:    11 Steps:      92 Episode Steps:     2 Return: -1.0100 Last reward: -1.0000 FPS:  118.48
07:43:22.398 [INFO] (pointrobot_trainer.py:180) Total Epi:    12 Steps:      93 Episode Steps:     1 Return: -1.0000 Last reward: -1.0000 FPS:  63.69
07:43:22.406 [INFO] (pointrobot_trainer.py:180) Total Epi:    13 Steps:      94 Episode Steps:     1 Return: -1.0000 Last reward: -1.0000 FPS:  150.74
07:43:22.436 [INFO] (pointrobot_trainer.py:180) Total Epi:    14 Steps:      98 Episode Steps:     4 Return: -1.0300 Last reward: -1.0000 FPS:  137.04
07:43:22.475 [INFO] (pointrobot_trainer.py:180) Total Epi:    15 Steps:     103 Episode Steps:     5 Return: -1.0400 Last reward: -1.0000 FPS:  133.47
07:43:22.643 [INFO] (pointrobot_trainer.py:180) Total Epi:    16 Steps:     129 Episode Steps:    26 Return: -1.2500 Last reward: -1.0000 FPS:  156.22
07:43:22.709 [INFO] (pointrobot_trainer.py:180) Total Epi:    17 Steps:     139 Episode Steps:    10 Return: -1.0900 Last reward: -1.0000 FPS:  155.98
07:43:22.718 [INFO] (pointrobot_trainer.py:180) Total Epi:    18 Steps:     140 Episode Steps:     1 Return: -1.0000 Last reward: -1.0000 FPS:  141.06
07:43:22.729 [INFO] (pointrobot_trainer.py:180) Total Epi:    19 Steps:     141 Episode Steps:     1 Return:  1.0000 Last reward:  1.0000 FPS:  102.59
07:43:22.789 [INFO] (pointrobot_trainer.py:180) Total Epi:    20 Steps:     150 Episode Steps:     9 Return: -1.0800 Last reward: -1.0000 FPS:  150.95
07:43:22.837 [INFO] (pointrobot_trainer.py:180) Total Epi:    21 Steps:     156 Episode Steps:     6 Return: -1.0500 Last reward: -1.0000 FPS:  130.02
07:43:23.075 [INFO] (pointrobot_trainer.py:180) Total Epi:    22 Steps:     195 Episode Steps:    39 Return: -1.3800 Last reward: -1.0000 FPS:  164.58
07:43:23.084 [INFO] (pointrobot_trainer.py:180) Total Epi:    23 Steps:     196 Episode Steps:     1 Return: -1.0000 Last reward: -1.0000 FPS:  138.57
07:43:23.214 [INFO] (pointrobot_trainer.py:180) Total Epi:    24 Steps:     218 Episode Steps:    22 Return: -1.2100 Last reward: -1.0000 FPS:  172.01
07:43:23.299 [INFO] (pointrobot_trainer.py:180) Total Epi:    25 Steps:     231 Episode Steps:    13 Return: -1.1200 Last reward: -1.0000 FPS:  153.89
07:43:23.311 [INFO] (pointrobot_trainer.py:180) Total Epi:    26 Steps:     232 Episode Steps:     1 Return: -1.0000 Last reward: -1.0000 FPS:  98.12
07:43:23.343 [INFO] (pointrobot_trainer.py:180) Total Epi:    27 Steps:     236 Episode Steps:     4 Return: -1.0300 Last reward: -1.0000 FPS:  129.67
07:43:23.386 [INFO] (pointrobot_trainer.py:180) Total Epi:    28 Steps:     242 Episode Steps:     6 Return: -1.0500 Last reward: -1.0000 FPS:  146.85
07:43:23.624 [INFO] (pointrobot_trainer.py:180) Total Epi:    29 Steps:     281 Episode Steps:    39 Return: -1.3800 Last reward: -1.0000 FPS:  164.80
07:43:23.666 [INFO] (pointrobot_trainer.py:180) Total Epi:    30 Steps:     288 Episode Steps:     7 Return: -1.0600 Last reward: -1.0000 FPS:  173.66
07:43:23.720 [INFO] (pointrobot_trainer.py:180) Total Epi:    31 Steps:     296 Episode Steps:     8 Return: -1.0700 Last reward: -1.0000 FPS:  148.95
07:43:23.822 [INFO] (pointrobot_trainer.py:180) Total Epi:    32 Steps:     314 Episode Steps:    18 Return: -1.1700 Last reward: -1.0000 FPS:  179.66
07:43:23.911 [INFO] (pointrobot_trainer.py:180) Total Epi:    33 Steps:     328 Episode Steps:    14 Return: -1.1300 Last reward: -1.0000 FPS:  159.87
07:43:23.945 [INFO] (pointrobot_trainer.py:180) Total Epi:    34 Steps:     331 Episode Steps:     3 Return: -1.0200 Last reward: -1.0000 FPS:  92.97
07:43:24.012 [INFO] (pointrobot_trainer.py:180) Total Epi:    35 Steps:     341 Episode Steps:    10 Return: -1.0900 Last reward: -1.0000 FPS:  153.92
07:43:24.068 [INFO] (pointrobot_trainer.py:180) Total Epi:    36 Steps:     349 Episode Steps:     8 Return: -1.0700 Last reward: -1.0000 FPS:  146.38
07:43:24.178 [INFO] (pointrobot_trainer.py:180) Total Epi:    37 Steps:     367 Episode Steps:    18 Return: -1.1700 Last reward: -1.0000 FPS:  165.99
07:43:24.221 [INFO] (pointrobot_trainer.py:180) Total Epi:    38 Steps:     373 Episode Steps:     6 Return: -1.0500 Last reward: -1.0000 FPS:  145.08
07:43:24.286 [INFO] (pointrobot_trainer.py:180) Total Epi:    39 Steps:     383 Episode Steps:    10 Return: -1.0900 Last reward: -1.0000 FPS:  155.54
07:43:24.340 [INFO] (pointrobot_trainer.py:180) Total Epi:    40 Steps:     391 Episode Steps:     8 Return: -1.0700 Last reward: -1.0000 FPS:  153.86
07:43:24.432 [INFO] (pointrobot_trainer.py:180) Total Epi:    41 Steps:     406 Episode Steps:    15 Return: -1.1400 Last reward: -1.0000 FPS:  166.19
07:43:24.461 [INFO] (pointrobot_trainer.py:180) Total Epi:    42 Steps:     409 Episode Steps:     3 Return: -1.0200 Last reward: -1.0000 FPS:  107.91
07:43:24.469 [INFO] (pointrobot_trainer.py:180) Total Epi:    43 Steps:     410 Episode Steps:     1 Return: -1.0000 Last reward: -1.0000 FPS:  146.24
07:43:24.491 [INFO] (pointrobot_trainer.py:180) Total Epi:    44 Steps:     412 Episode Steps:     2 Return: -1.0100 Last reward: -1.0000 FPS:  100.10
07:43:24.652 [INFO] (pointrobot_trainer.py:180) Total Epi:    45 Steps:     437 Episode Steps:    25 Return: -1.2400 Last reward: -1.0000 FPS:  156.50
07:43:24.660 [INFO] (pointrobot_trainer.py:180) Total Epi:    46 Steps:     438 Episode Steps:     1 Return: -1.0000 Last reward: -1.0000 FPS:  148.87
07:43:24.683 [INFO] (pointrobot_trainer.py:180) Total Epi:    47 Steps:     441 Episode Steps:     3 Return:  0.9800 Last reward:  1.0000 FPS:  136.87
07:43:24.708 [INFO] (pointrobot_trainer.py:180) Total Epi:    48 Steps:     445 Episode Steps:     4 Return:  0.9700 Last reward:  1.0000 FPS:  172.68
07:43:24.755 [INFO] (pointrobot_trainer.py:180) Total Epi:    49 Steps:     451 Episode Steps:     6 Return: -1.0500 Last reward: -1.0000 FPS:  131.45
07:43:24.837 [INFO] (pointrobot_trainer.py:180) Total Epi:    50 Steps:     463 Episode Steps:    12 Return: -1.1100 Last reward: -1.0000 FPS:  148.43
07:43:24.893 [INFO] (pointrobot_trainer.py:180) Total Epi:    51 Steps:     471 Episode Steps:     8 Return: -1.0700 Last reward: -1.0000 FPS:  147.51
07:43:24.913 [INFO] (pointrobot_trainer.py:180) Total Epi:    52 Steps:     474 Episode Steps:     3 Return: -1.0200 Last reward: -1.0000 FPS:  163.64
07:43:24.932 [INFO] (pointrobot_trainer.py:180) Total Epi:    53 Steps:     475 Episode Steps:     1 Return: -1.0000 Last reward: -1.0000 FPS:  55.58
07:43:24.978 [INFO] (pointrobot_trainer.py:180) Total Epi:    54 Steps:     482 Episode Steps:     7 Return: -1.0600 Last reward: -1.0000 FPS:  154.20
07:43:24.995 [INFO] (pointrobot_trainer.py:180) Total Epi:    55 Steps:     483 Episode Steps:     1 Return: -1.0000 Last reward: -1.0000 FPS:  67.06
07:43:25.046 [INFO] (pointrobot_trainer.py:180) Total Epi:    56 Steps:     491 Episode Steps:     8 Return: -1.0700 Last reward: -1.0000 FPS:  161.85
07:43:25.054 [INFO] (pointrobot_trainer.py:180) Total Epi:    57 Steps:     492 Episode Steps:     1 Return: -1.0000 Last reward: -1.0000 FPS:  137.33
07:43:25.076 [INFO] (pointrobot_trainer.py:180) Total Epi:    58 Steps:     494 Episode Steps:     2 Return: -1.0100 Last reward: -1.0000 FPS:  96.54
07:43:25.096 [INFO] (pointrobot_trainer.py:180) Total Epi:    59 Steps:     495 Episode Steps:     1 Return: -1.0000 Last reward: -1.0000 FPS:  53.80
07:43:25.195 [INFO] (pointrobot_trainer.py:180) Total Epi:    60 Steps:     511 Episode Steps:    16 Return: -1.1500 Last reward: -1.0000 FPS:  164.27
07:43:25.207 [INFO] (pointrobot_trainer.py:180) Total Epi:    61 Steps:     512 Episode Steps:     1 Return: -1.0000 Last reward: -1.0000 FPS:  94.77
07:43:25.230 [INFO] (pointrobot_trainer.py:180) Total Epi:    62 Steps:     514 Episode Steps:     2 Return: -1.0100 Last reward: -1.0000 FPS:  92.75
07:43:25.321 [INFO] (pointrobot_trainer.py:180) Total Epi:    63 Steps:     528 Episode Steps:    14 Return: -1.1300 Last reward: -1.0000 FPS:  156.37
07:43:25.342 [INFO] (pointrobot_trainer.py:180) Total Epi:    64 Steps:     529 Episode Steps:     1 Return: -1.0000 Last reward: -1.0000 FPS:  50.33
07:43:25.504 [INFO] (pointrobot_trainer.py:180) Total Epi:    65 Steps:     557 Episode Steps:    28 Return: -1.2700 Last reward: -1.0000 FPS:  174.49
07:43:25.516 [INFO] (pointrobot_trainer.py:180) Total Epi:    66 Steps:     558 Episode Steps:     1 Return: -1.0000 Last reward: -1.0000 FPS:  100.16
07:43:25.559 [INFO] (pointrobot_trainer.py:180) Total Epi:    67 Steps:     564 Episode Steps:     6 Return: -1.0500 Last reward: -1.0000 FPS:  145.42
07:43:25.579 [INFO] (pointrobot_trainer.py:180) Total Epi:    68 Steps:     565 Episode Steps:     1 Return: -1.0000 Last reward: -1.0000 FPS:  53.10
07:43:25.611 [INFO] (pointrobot_trainer.py:180) Total Epi:    69 Steps:     569 Episode Steps:     4 Return: -1.0300 Last reward: -1.0000 FPS:  129.88
07:43:25.624 [INFO] (pointrobot_trainer.py:180) Total Epi:    70 Steps:     570 Episode Steps:     1 Return: -1.0000 Last reward: -1.0000 FPS:  94.73
07:43:25.645 [INFO] (pointrobot_trainer.py:180) Total Epi:    71 Steps:     571 Episode Steps:     1 Return: -1.0000 Last reward: -1.0000 FPS:  49.76
07:43:25.667 [INFO] (pointrobot_trainer.py:180) Total Epi:    72 Steps:     575 Episode Steps:     4 Return:  0.9700 Last reward:  1.0000 FPS:  196.89
07:43:25.675 [INFO] (pointrobot_trainer.py:180) Total Epi:    73 Steps:     576 Episode Steps:     1 Return: -1.0000 Last reward: -1.0000 FPS:  152.97
07:43:25.723 [INFO] (pointrobot_trainer.py:180) Total Epi:    74 Steps:     583 Episode Steps:     7 Return: -1.0600 Last reward: -1.0000 FPS:  148.78
07:43:25.809 [INFO] (pointrobot_trainer.py:180) Total Epi:    75 Steps:     598 Episode Steps:    15 Return: -1.1400 Last reward: -1.0000 FPS:  178.46
07:43:25.825 [INFO] (pointrobot_trainer.py:180) Total Epi:    76 Steps:     599 Episode Steps:     1 Return: -1.0000 Last reward: -1.0000 FPS:  67.73
07:43:25.867 [INFO] (pointrobot_trainer.py:180) Total Epi:    77 Steps:     606 Episode Steps:     7 Return: -1.0600 Last reward: -1.0000 FPS:  169.99
07:43:25.914 [INFO] (pointrobot_trainer.py:180) Total Epi:    78 Steps:     612 Episode Steps:     6 Return: -1.0500 Last reward: -1.0000 FPS:  131.53
07:43:26.023 [INFO] (pointrobot_trainer.py:180) Total Epi:    79 Steps:     628 Episode Steps:    16 Return: -1.1500 Last reward: -1.0000 FPS:  149.19
07:43:26.066 [INFO] (pointrobot_trainer.py:180) Total Epi:    80 Steps:     633 Episode Steps:     5 Return: -1.0400 Last reward: -1.0000 FPS:  120.99
07:43:26.097 [INFO] (pointrobot_trainer.py:180) Total Epi:    81 Steps:     637 Episode Steps:     4 Return: -1.0300 Last reward: -1.0000 FPS:  136.24
07:43:26.150 [INFO] (pointrobot_trainer.py:180) Total Epi:    82 Steps:     645 Episode Steps:     8 Return: -1.0700 Last reward: -1.0000 FPS:  155.90
07:43:26.209 [INFO] (pointrobot_trainer.py:180) Total Epi:    83 Steps:     653 Episode Steps:     8 Return: -1.0700 Last reward: -1.0000 FPS:  137.51
07:43:26.297 [INFO] (pointrobot_trainer.py:180) Total Epi:    84 Steps:     666 Episode Steps:    13 Return: -1.1200 Last reward: -1.0000 FPS:  152.29
07:43:26.314 [INFO] (pointrobot_trainer.py:180) Total Epi:    85 Steps:     667 Episode Steps:     1 Return: -1.0000 Last reward: -1.0000 FPS:  62.36
07:43:26.366 [INFO] (pointrobot_trainer.py:180) Total Epi:    86 Steps:     675 Episode Steps:     8 Return: -1.0700 Last reward: -1.0000 FPS:  160.52
07:43:26.391 [INFO] (pointrobot_trainer.py:180) Total Epi:    87 Steps:     680 Episode Steps:     5 Return:  0.9600 Last reward:  1.0000 FPS:  210.48
07:43:26.417 [INFO] (pointrobot_trainer.py:180) Total Epi:    88 Steps:     683 Episode Steps:     3 Return: -1.0200 Last reward: -1.0000 FPS:  122.68
07:43:26.518 [INFO] (pointrobot_trainer.py:180) Total Epi:    89 Steps:     697 Episode Steps:    14 Return: -1.1300 Last reward: -1.0000 FPS:  139.70
07:43:26.529 [INFO] (pointrobot_trainer.py:180) Total Epi:    90 Steps:     698 Episode Steps:     1 Return: -1.0000 Last reward: -1.0000 FPS:  104.89
07:43:26.551 [INFO] (pointrobot_trainer.py:180) Total Epi:    91 Steps:     699 Episode Steps:     1 Return: -1.0000 Last reward: -1.0000 FPS:  48.90
07:43:26.571 [INFO] (pointrobot_trainer.py:180) Total Epi:    92 Steps:     701 Episode Steps:     2 Return: -1.0100 Last reward: -1.0000 FPS:  110.08
07:43:26.848 [INFO] (pointrobot_trainer.py:180) Total Epi:    93 Steps:     742 Episode Steps:    41 Return: -1.4000 Last reward: -1.0000 FPS:  148.75
07:43:27.052 [INFO] (pointrobot_trainer.py:180) Total Epi:    94 Steps:     772 Episode Steps:    30 Return: -1.2900 Last reward: -1.0000 FPS:  148.10
07:43:27.074 [INFO] (pointrobot_trainer.py:180) Total Epi:    95 Steps:     773 Episode Steps:     1 Return: -1.0000 Last reward: -1.0000 FPS:  49.74
07:43:27.160 [INFO] (pointrobot_trainer.py:180) Total Epi:    96 Steps:     785 Episode Steps:    12 Return: -1.1100 Last reward: -1.0000 FPS:  141.72
07:43:27.188 [INFO] (pointrobot_trainer.py:180) Total Epi:    97 Steps:     788 Episode Steps:     3 Return: -1.0200 Last reward: -1.0000 FPS:  116.42
07:43:27.271 [INFO] (pointrobot_trainer.py:180) Total Epi:    98 Steps:     800 Episode Steps:    12 Return:  0.8900 Last reward:  1.0000 FPS:  147.85
07:43:27.335 [INFO] (pointrobot_trainer.py:180) Total Epi:    99 Steps:     808 Episode Steps:     8 Return: -1.0700 Last reward: -1.0000 FPS:  128.16
07:43:27.384 [INFO] (pointrobot_trainer.py:180) Total Epi:   100 Steps:     816 Episode Steps:     8 Return: -1.0700 Last reward: -1.0000 FPS:  167.94
07:43:27.402 [INFO] (pointrobot_trainer.py:180) Total Epi:   101 Steps:     817 Episode Steps:     1 Return: -1.0000 Last reward: -1.0000 FPS:  60.67
07:43:27.410 [INFO] (pointrobot_trainer.py:180) Total Epi:   102 Steps:     818 Episode Steps:     1 Return: -1.0000 Last reward: -1.0000 FPS:  155.52
07:43:27.531 [INFO] (pointrobot_trainer.py:180) Total Epi:   103 Steps:     836 Episode Steps:    18 Return: -1.1700 Last reward: -1.0000 FPS:  150.70
07:43:27.555 [INFO] (pointrobot_trainer.py:180) Total Epi:   104 Steps:     837 Episode Steps:     1 Return: -1.0000 Last reward: -1.0000 FPS:  43.28
07:43:27.578 [INFO] (pointrobot_trainer.py:180) Total Epi:   105 Steps:     839 Episode Steps:     2 Return: -1.0100 Last reward: -1.0000 FPS:  93.43
07:43:27.673 [INFO] (pointrobot_trainer.py:180) Total Epi:   106 Steps:     853 Episode Steps:    14 Return: -1.1300 Last reward: -1.0000 FPS:  149.63
07:43:27.681 [INFO] (pointrobot_trainer.py:180) Total Epi:   107 Steps:     854 Episode Steps:     1 Return: -1.0000 Last reward: -1.0000 FPS:  159.90
07:43:27.698 [INFO] (pointrobot_trainer.py:180) Total Epi:   108 Steps:     855 Episode Steps:     1 Return: -1.0000 Last reward: -1.0000 FPS:  62.89
07:43:27.706 [INFO] (pointrobot_trainer.py:180) Total Epi:   109 Steps:     856 Episode Steps:     1 Return: -1.0000 Last reward: -1.0000 FPS:  152.26
07:43:27.721 [INFO] (pointrobot_trainer.py:180) Total Epi:   110 Steps:     857 Episode Steps:     1 Return: -1.0000 Last reward: -1.0000 FPS:  72.20
07:43:27.884 [INFO] (pointrobot_trainer.py:180) Total Epi:   111 Steps:     888 Episode Steps:    31 Return: -1.3000 Last reward: -1.0000 FPS:  191.84
07:43:27.906 [INFO] (pointrobot_trainer.py:180) Total Epi:   112 Steps:     889 Episode Steps:     1 Return: -1.0000 Last reward: -1.0000 FPS:  49.07
07:43:27.930 [INFO] (pointrobot_trainer.py:180) Total Epi:   113 Steps:     892 Episode Steps:     3 Return: -1.0200 Last reward: -1.0000 FPS:  135.80
07:43:28.070 [INFO] (pointrobot_trainer.py:180) Total Epi:   114 Steps:     915 Episode Steps:    23 Return: -1.2200 Last reward: -1.0000 FPS:  165.18
07:43:28.220 [INFO] (pointrobot_trainer.py:180) Total Epi:   115 Steps:     941 Episode Steps:    26 Return: -1.2500 Last reward: -1.0000 FPS:  175.19
07:43:28.242 [INFO] (pointrobot_trainer.py:180) Total Epi:   116 Steps:     944 Episode Steps:     3 Return: -1.0200 Last reward: -1.0000 FPS:  143.27
07:43:28.320 [INFO] (pointrobot_trainer.py:180) Total Epi:   117 Steps:     955 Episode Steps:    11 Return: -1.1000 Last reward: -1.0000 FPS:  143.62
07:43:28.339 [INFO] (pointrobot_trainer.py:180) Total Epi:   118 Steps:     957 Episode Steps:     2 Return: -1.0100 Last reward: -1.0000 FPS:  117.26
07:43:28.347 [INFO] (pointrobot_trainer.py:180) Total Epi:   119 Steps:     958 Episode Steps:     1 Return: -1.0000 Last reward: -1.0000 FPS:  150.70
07:43:28.381 [INFO] (pointrobot_trainer.py:180) Total Epi:   120 Steps:     961 Episode Steps:     3 Return: -1.0200 Last reward: -1.0000 FPS:  90.10
07:43:28.451 [INFO] (pointrobot_trainer.py:180) Total Epi:   121 Steps:     974 Episode Steps:    13 Return: -1.1200 Last reward: -1.0000 FPS:  189.02
07:43:28.468 [INFO] (pointrobot_trainer.py:180) Total Epi:   122 Steps:     975 Episode Steps:     1 Return: -1.0000 Last reward: -1.0000 FPS:  66.85
07:43:28.476 [INFO] (pointrobot_trainer.py:180) Total Epi:   123 Steps:     976 Episode Steps:     1 Return: -1.0000 Last reward: -1.0000 FPS:  149.03
07:43:28.544 [INFO] (pointrobot_trainer.py:180) Total Epi:   124 Steps:     987 Episode Steps:    11 Return: -1.1000 Last reward: -1.0000 FPS:  164.22
