12:01:59.963 [INFO] (pointrobot_trainer.py:91) Restored None
12:02:04.186 [INFO] (pointrobot_trainer.py:174) Total Epi:     1 Steps:      22 Episode Steps:    22 Return: -1.2100 FPS:  5.21
12:02:04.230 [INFO] (pointrobot_trainer.py:174) Total Epi:     2 Steps:      29 Episode Steps:     7 Return: -1.0600 FPS: 164.60
12:02:04.249 [INFO] (pointrobot_trainer.py:174) Total Epi:     3 Steps:      32 Episode Steps:     3 Return: -1.0200 FPS: 180.05
12:02:04.282 [INFO] (pointrobot_trainer.py:174) Total Epi:     4 Steps:      37 Episode Steps:     5 Return: -1.0400 FPS: 153.34
12:02:04.290 [INFO] (pointrobot_trainer.py:174) Total Epi:     5 Steps:      38 Episode Steps:     1 Return: -1.0000 FPS: 156.83
12:02:04.305 [INFO] (pointrobot_trainer.py:174) Total Epi:     6 Steps:      39 Episode Steps:     1 Return: -1.0000 FPS: 74.75
12:02:04.313 [INFO] (pointrobot_trainer.py:174) Total Epi:     7 Steps:      40 Episode Steps:     1 Return: -1.0000 FPS: 143.72
12:02:04.404 [INFO] (pointrobot_trainer.py:174) Total Epi:     8 Steps:      58 Episode Steps:    18 Return: -1.1700 FPS: 200.34
12:02:04.420 [INFO] (pointrobot_trainer.py:174) Total Epi:     9 Steps:      60 Episode Steps:     2 Return: -1.0100 FPS: 137.23
12:02:04.481 [INFO] (pointrobot_trainer.py:174) Total Epi:    10 Steps:      72 Episode Steps:    12 Return: -1.1100 FPS: 199.98
12:02:04.546 [INFO] (pointrobot_trainer.py:174) Total Epi:    11 Steps:      85 Episode Steps:    13 Return:  0.8800 FPS: 202.41
12:02:04.574 [INFO] (pointrobot_trainer.py:174) Total Epi:    12 Steps:      90 Episode Steps:     5 Return: -1.0400 FPS: 191.08
12:02:04.584 [INFO] (pointrobot_trainer.py:174) Total Epi:    13 Steps:      91 Episode Steps:     1 Return:  1.0000 FPS: 119.15
12:02:04.600 [INFO] (pointrobot_trainer.py:174) Total Epi:    14 Steps:      93 Episode Steps:     2 Return: -1.0100 FPS: 133.26
12:02:04.732 [INFO] (pointrobot_trainer.py:174) Total Epi:    15 Steps:     120 Episode Steps:    27 Return: -1.2600 FPS: 205.72
12:02:04.759 [INFO] (pointrobot_trainer.py:174) Total Epi:    16 Steps:     124 Episode Steps:     4 Return: -1.0300 FPS: 159.55
12:02:04.773 [INFO] (pointrobot_trainer.py:174) Total Epi:    17 Steps:     125 Episode Steps:     1 Return: -1.0000 FPS: 74.68
12:02:04.790 [INFO] (pointrobot_trainer.py:174) Total Epi:    18 Steps:     127 Episode Steps:     2 Return: -1.0100 FPS: 132.48
12:02:04.845 [INFO] (pointrobot_trainer.py:174) Total Epi:    19 Steps:     138 Episode Steps:    11 Return: -1.1000 FPS: 203.27
12:02:04.870 [INFO] (pointrobot_trainer.py:174) Total Epi:    20 Steps:     142 Episode Steps:     4 Return: -1.0300 FPS: 171.13
12:02:04.904 [INFO] (pointrobot_trainer.py:174) Total Epi:    21 Steps:     147 Episode Steps:     5 Return: -1.0400 FPS: 151.69
12:02:04.912 [INFO] (pointrobot_trainer.py:174) Total Epi:    22 Steps:     148 Episode Steps:     1 Return: -1.0000 FPS: 159.80
12:02:04.938 [INFO] (pointrobot_trainer.py:174) Total Epi:    23 Steps:     152 Episode Steps:     4 Return: -1.0300 FPS: 163.62
12:02:04.971 [INFO] (pointrobot_trainer.py:174) Total Epi:    24 Steps:     157 Episode Steps:     5 Return: -1.0400 FPS: 153.02
12:02:05.114 [INFO] (pointrobot_trainer.py:174) Total Epi:    25 Steps:     187 Episode Steps:    30 Return: -1.2900 FPS: 212.43
12:02:05.200 [INFO] (pointrobot_trainer.py:174) Total Epi:    26 Steps:     204 Episode Steps:    17 Return: -1.1600 FPS: 199.29
12:02:05.215 [INFO] (pointrobot_trainer.py:174) Total Epi:    27 Steps:     205 Episode Steps:     1 Return: -1.0000 FPS: 70.89
12:02:05.243 [INFO] (pointrobot_trainer.py:174) Total Epi:    28 Steps:     210 Episode Steps:     5 Return: -1.0400 FPS: 189.94
12:02:05.352 [INFO] (pointrobot_trainer.py:174) Total Epi:    29 Steps:     231 Episode Steps:    21 Return: -1.2000 FPS: 193.99
12:02:05.397 [INFO] (pointrobot_trainer.py:174) Total Epi:    30 Steps:     239 Episode Steps:     8 Return: -1.0700 FPS: 184.14
12:02:05.405 [INFO] (pointrobot_trainer.py:174) Total Epi:    31 Steps:     240 Episode Steps:     1 Return: -1.0000 FPS: 144.08
12:02:05.420 [INFO] (pointrobot_trainer.py:174) Total Epi:    32 Steps:     241 Episode Steps:     1 Return: -1.0000 FPS: 73.70
12:02:05.474 [INFO] (pointrobot_trainer.py:174) Total Epi:    33 Steps:     251 Episode Steps:    10 Return: -1.0900 FPS: 187.28
12:02:05.540 [INFO] (pointrobot_trainer.py:174) Total Epi:    34 Steps:     263 Episode Steps:    12 Return: -1.1100 FPS: 186.19
12:02:05.566 [INFO] (pointrobot_trainer.py:174) Total Epi:    35 Steps:     267 Episode Steps:     4 Return: -1.0300 FPS: 160.86
12:02:05.574 [INFO] (pointrobot_trainer.py:174) Total Epi:    36 Steps:     268 Episode Steps:     1 Return: -1.0000 FPS: 156.33
12:02:05.608 [INFO] (pointrobot_trainer.py:174) Total Epi:    37 Steps:     273 Episode Steps:     5 Return: -1.0400 FPS: 150.45
12:02:05.627 [INFO] (pointrobot_trainer.py:174) Total Epi:    38 Steps:     277 Episode Steps:     4 Return:  0.9700 FPS: 225.11
12:02:05.709 [INFO] (pointrobot_trainer.py:174) Total Epi:    39 Steps:     293 Episode Steps:    16 Return: -1.1500 FPS: 197.00
12:02:05.718 [INFO] (pointrobot_trainer.py:174) Total Epi:    40 Steps:     294 Episode Steps:     1 Return: -1.0000 FPS: 143.54
12:02:05.735 [INFO] (pointrobot_trainer.py:174) Total Epi:    41 Steps:     296 Episode Steps:     2 Return: -1.0100 FPS: 126.13
12:02:05.836 [INFO] (pointrobot_trainer.py:174) Total Epi:    42 Steps:     315 Episode Steps:    19 Return: -1.1800 FPS: 189.20
12:02:05.853 [INFO] (pointrobot_trainer.py:174) Total Epi:    43 Steps:     318 Episode Steps:     3 Return: -1.0200 FPS: 193.41
12:02:05.867 [INFO] (pointrobot_trainer.py:174) Total Epi:    44 Steps:     319 Episode Steps:     1 Return: -1.0000 FPS: 77.36
12:02:05.912 [INFO] (pointrobot_trainer.py:174) Total Epi:    45 Steps:     327 Episode Steps:     8 Return: -1.0700 FPS: 182.43
12:02:05.969 [INFO] (pointrobot_trainer.py:174) Total Epi:    46 Steps:     339 Episode Steps:    12 Return:  0.8900 FPS: 217.38
12:02:06.106 [INFO] (pointrobot_trainer.py:174) Total Epi:    47 Steps:     367 Episode Steps:    28 Return: -1.2700 FPS: 206.32
12:02:06.123 [INFO] (pointrobot_trainer.py:174) Total Epi:    48 Steps:     370 Episode Steps:     3 Return: -1.0200 FPS: 186.63
12:02:06.138 [INFO] (pointrobot_trainer.py:174) Total Epi:    49 Steps:     371 Episode Steps:     1 Return: -1.0000 FPS: 70.84
12:02:06.147 [INFO] (pointrobot_trainer.py:174) Total Epi:    50 Steps:     372 Episode Steps:     1 Return: -1.0000 FPS: 135.66
12:02:06.161 [INFO] (pointrobot_trainer.py:174) Total Epi:    51 Steps:     373 Episode Steps:     1 Return: -1.0000 FPS: 74.87
12:02:06.177 [INFO] (pointrobot_trainer.py:174) Total Epi:    52 Steps:     375 Episode Steps:     2 Return: -1.0100 FPS: 135.63
12:02:06.231 [INFO] (pointrobot_trainer.py:174) Total Epi:    53 Steps:     385 Episode Steps:    10 Return: -1.0900 FPS: 188.57
12:02:06.247 [INFO] (pointrobot_trainer.py:174) Total Epi:    54 Steps:     387 Episode Steps:     2 Return: -1.0100 FPS: 134.87
12:02:06.292 [INFO] (pointrobot_trainer.py:174) Total Epi:    55 Steps:     395 Episode Steps:     8 Return: -1.0700 FPS: 185.03
12:02:06.299 [INFO] (pointrobot_trainer.py:174) Total Epi:    56 Steps:     396 Episode Steps:     1 Return: -1.0000 FPS: 157.84
12:02:06.390 [INFO] (pointrobot_trainer.py:174) Total Epi:    57 Steps:     414 Episode Steps:    18 Return: -1.1700 FPS: 200.83
12:02:06.406 [INFO] (pointrobot_trainer.py:174) Total Epi:    58 Steps:     416 Episode Steps:     2 Return: -1.0100 FPS: 136.36
12:02:06.421 [INFO] (pointrobot_trainer.py:174) Total Epi:    59 Steps:     418 Episode Steps:     2 Return: -1.0100 FPS: 141.30
12:02:06.474 [INFO] (pointrobot_trainer.py:174) Total Epi:    60 Steps:     428 Episode Steps:    10 Return: -1.0900 FPS: 191.83
12:02:06.529 [INFO] (pointrobot_trainer.py:174) Total Epi:    61 Steps:     437 Episode Steps:     9 Return: -1.0800 FPS: 170.60
12:02:06.537 [INFO] (pointrobot_trainer.py:174) Total Epi:    62 Steps:     438 Episode Steps:     1 Return: -1.0000 FPS: 151.57
12:02:06.551 [INFO] (pointrobot_trainer.py:174) Total Epi:    63 Steps:     439 Episode Steps:     1 Return: -1.0000 FPS: 76.33
12:02:06.559 [INFO] (pointrobot_trainer.py:174) Total Epi:    64 Steps:     440 Episode Steps:     1 Return: -1.0000 FPS: 156.22
12:02:06.567 [INFO] (pointrobot_trainer.py:174) Total Epi:    65 Steps:     441 Episode Steps:     1 Return:  1.0000 FPS: 131.36
12:02:06.597 [INFO] (pointrobot_trainer.py:174) Total Epi:    66 Steps:     446 Episode Steps:     5 Return: -1.0400 FPS: 178.37
12:02:06.612 [INFO] (pointrobot_trainer.py:174) Total Epi:    67 Steps:     447 Episode Steps:     1 Return: -1.0000 FPS: 71.99
12:02:06.650 [INFO] (pointrobot_trainer.py:174) Total Epi:    68 Steps:     454 Episode Steps:     7 Return: -1.0600 FPS: 188.78
12:02:06.666 [INFO] (pointrobot_trainer.py:174) Total Epi:    69 Steps:     455 Episode Steps:     1 Return: -1.0000 FPS: 71.15
12:02:06.702 [INFO] (pointrobot_trainer.py:174) Total Epi:    70 Steps:     461 Episode Steps:     6 Return: -1.0500 FPS: 172.09
12:02:06.722 [INFO] (pointrobot_trainer.py:174) Total Epi:    71 Steps:     464 Episode Steps:     3 Return: -1.0200 FPS: 160.66
12:02:06.759 [INFO] (pointrobot_trainer.py:174) Total Epi:    72 Steps:     469 Episode Steps:     5 Return: -1.0400 FPS: 143.28
12:02:06.766 [INFO] (pointrobot_trainer.py:174) Total Epi:    73 Steps:     470 Episode Steps:     1 Return: -1.0000 FPS: 160.61
12:02:06.780 [INFO] (pointrobot_trainer.py:174) Total Epi:    74 Steps:     471 Episode Steps:     1 Return: -1.0000 FPS: 75.08
12:02:06.797 [INFO] (pointrobot_trainer.py:174) Total Epi:    75 Steps:     473 Episode Steps:     2 Return: -1.0100 FPS: 127.21
12:02:06.880 [INFO] (pointrobot_trainer.py:174) Total Epi:    76 Steps:     489 Episode Steps:    16 Return: -1.1500 FPS: 196.43
12:02:06.882 [INFO] (pointrobot_trainer.py:174) Total Epi:    77 Steps:     490 Episode Steps:     1 Return:  1.0000 FPS: 1142.93
12:02:06.909 [INFO] (pointrobot_trainer.py:174) Total Epi:    78 Steps:     494 Episode Steps:     4 Return: -1.0300 FPS: 152.98
12:02:06.972 [INFO] (pointrobot_trainer.py:174) Total Epi:    79 Steps:     505 Episode Steps:    11 Return: -1.1000 FPS: 177.55
12:02:06.998 [INFO] (pointrobot_trainer.py:174) Total Epi:    80 Steps:     509 Episode Steps:     4 Return: -1.0300 FPS: 162.82
12:02:07.023 [INFO] (pointrobot_trainer.py:174) Total Epi:    81 Steps:     513 Episode Steps:     4 Return: -1.0300 FPS: 166.50
12:02:07.068 [INFO] (pointrobot_trainer.py:174) Total Epi:    82 Steps:     522 Episode Steps:     9 Return: -1.0800 FPS: 207.41
12:02:07.084 [INFO] (pointrobot_trainer.py:174) Total Epi:    83 Steps:     524 Episode Steps:     2 Return: -1.0100 FPS: 133.89
12:02:07.108 [INFO] (pointrobot_trainer.py:174) Total Epi:    84 Steps:     528 Episode Steps:     4 Return: -1.0300 FPS: 170.66
12:02:07.150 [INFO] (pointrobot_trainer.py:174) Total Epi:    85 Steps:     535 Episode Steps:     7 Return: -1.0600 FPS: 172.73
12:02:07.158 [INFO] (pointrobot_trainer.py:174) Total Epi:    86 Steps:     536 Episode Steps:     1 Return: -1.0000 FPS: 156.88
12:02:07.200 [INFO] (pointrobot_trainer.py:174) Total Epi:    87 Steps:     543 Episode Steps:     7 Return: -1.0600 FPS: 171.62
12:02:07.219 [INFO] (pointrobot_trainer.py:174) Total Epi:    88 Steps:     546 Episode Steps:     3 Return: -1.0200 FPS: 163.02
12:02:07.264 [INFO] (pointrobot_trainer.py:174) Total Epi:    89 Steps:     553 Episode Steps:     7 Return: -1.0600 FPS: 160.86
12:02:07.272 [INFO] (pointrobot_trainer.py:174) Total Epi:    90 Steps:     554 Episode Steps:     1 Return: -1.0000 FPS: 141.87
12:02:07.289 [INFO] (pointrobot_trainer.py:174) Total Epi:    91 Steps:     556 Episode Steps:     2 Return: -1.0100 FPS: 127.34
12:02:07.368 [INFO] (pointrobot_trainer.py:174) Total Epi:    92 Steps:     572 Episode Steps:    16 Return: -1.1500 FPS: 204.28
12:02:07.392 [INFO] (pointrobot_trainer.py:174) Total Epi:    93 Steps:     575 Episode Steps:     3 Return: -1.0200 FPS: 136.44
12:02:07.493 [INFO] (pointrobot_trainer.py:174) Total Epi:    94 Steps:     596 Episode Steps:    21 Return: -1.2000 FPS: 209.76
12:02:07.546 [INFO] (pointrobot_trainer.py:174) Total Epi:    95 Steps:     605 Episode Steps:     9 Return: -1.0800 FPS: 174.59
12:02:07.631 [INFO] (pointrobot_trainer.py:174) Total Epi:    96 Steps:     622 Episode Steps:    17 Return: -1.1600 FPS: 202.21
12:02:07.646 [INFO] (pointrobot_trainer.py:174) Total Epi:    97 Steps:     623 Episode Steps:     1 Return: -1.0000 FPS: 70.58
12:02:07.655 [INFO] (pointrobot_trainer.py:174) Total Epi:    98 Steps:     624 Episode Steps:     1 Return: -1.0000 FPS: 147.10
12:02:07.680 [INFO] (pointrobot_trainer.py:174) Total Epi:    99 Steps:     627 Episode Steps:     3 Return: -1.0200 FPS: 128.10
12:02:07.688 [INFO] (pointrobot_trainer.py:174) Total Epi:   100 Steps:     628 Episode Steps:     1 Return: -1.0000 FPS: 137.14
12:02:07.703 [INFO] (pointrobot_trainer.py:174) Total Epi:   101 Steps:     629 Episode Steps:     1 Return: -1.0000 FPS: 74.14
12:02:07.740 [INFO] (pointrobot_trainer.py:174) Total Epi:   102 Steps:     635 Episode Steps:     6 Return: -1.0500 FPS: 169.71
12:02:07.767 [INFO] (pointrobot_trainer.py:174) Total Epi:   103 Steps:     640 Episode Steps:     5 Return: -1.0400 FPS: 189.85
12:02:07.783 [INFO] (pointrobot_trainer.py:174) Total Epi:   104 Steps:     642 Episode Steps:     2 Return: -1.0100 FPS: 137.55
12:02:07.810 [INFO] (pointrobot_trainer.py:174) Total Epi:   105 Steps:     646 Episode Steps:     4 Return: -1.0300 FPS: 156.82
12:02:07.846 [INFO] (pointrobot_trainer.py:174) Total Epi:   106 Steps:     652 Episode Steps:     6 Return: -1.0500 FPS: 171.84
12:02:07.916 [INFO] (pointrobot_trainer.py:174) Total Epi:   107 Steps:     666 Episode Steps:    14 Return: -1.1300 FPS: 201.45
12:02:07.931 [INFO] (pointrobot_trainer.py:174) Total Epi:   108 Steps:     667 Episode Steps:     1 Return: -1.0000 FPS: 75.69
12:02:07.975 [INFO] (pointrobot_trainer.py:174) Total Epi:   109 Steps:     676 Episode Steps:     9 Return: -1.0800 FPS: 208.63
12:02:08.108 [INFO] (pointrobot_trainer.py:174) Total Epi:   110 Steps:     703 Episode Steps:    27 Return: -1.2600 FPS: 204.03
12:02:08.118 [INFO] (pointrobot_trainer.py:174) Total Epi:   111 Steps:     704 Episode Steps:     1 Return: -1.0000 FPS: 128.02
12:02:08.133 [INFO] (pointrobot_trainer.py:174) Total Epi:   112 Steps:     705 Episode Steps:     1 Return: -1.0000 FPS: 69.34
12:02:08.160 [INFO] (pointrobot_trainer.py:174) Total Epi:   113 Steps:     710 Episode Steps:     5 Return: -1.0400 FPS: 191.01
12:02:08.194 [INFO] (pointrobot_trainer.py:174) Total Epi:   114 Steps:     716 Episode Steps:     6 Return: -1.0500 FPS: 188.00
12:02:08.218 [INFO] (pointrobot_trainer.py:174) Total Epi:   115 Steps:     719 Episode Steps:     3 Return: -1.0200 FPS: 130.30
12:02:08.235 [INFO] (pointrobot_trainer.py:174) Total Epi:   116 Steps:     722 Episode Steps:     3 Return: -1.0200 FPS: 189.64
12:02:08.249 [INFO] (pointrobot_trainer.py:174) Total Epi:   117 Steps:     723 Episode Steps:     1 Return: -1.0000 FPS: 75.74
12:02:08.266 [INFO] (pointrobot_trainer.py:174) Total Epi:   118 Steps:     726 Episode Steps:     3 Return: -1.0200 FPS: 191.59
12:02:08.281 [INFO] (pointrobot_trainer.py:174) Total Epi:   119 Steps:     727 Episode Steps:     1 Return: -1.0000 FPS: 72.85
12:02:08.343 [INFO] (pointrobot_trainer.py:174) Total Epi:   120 Steps:     739 Episode Steps:    12 Return: -1.1100 FPS: 196.71
12:02:08.378 [INFO] (pointrobot_trainer.py:174) Total Epi:   121 Steps:     746 Episode Steps:     7 Return: -1.0600 FPS: 209.83
12:02:08.395 [INFO] (pointrobot_trainer.py:174) Total Epi:   122 Steps:     747 Episode Steps:     1 Return: -1.0000 FPS: 61.54
12:02:08.411 [INFO] (pointrobot_trainer.py:174) Total Epi:   123 Steps:     749 Episode Steps:     2 Return: -1.0100 FPS: 134.36
12:02:08.465 [INFO] (pointrobot_trainer.py:174) Total Epi:   124 Steps:     759 Episode Steps:    10 Return: -1.0900 FPS: 191.39
12:02:08.509 [INFO] (pointrobot_trainer.py:174) Total Epi:   125 Steps:     768 Episode Steps:     9 Return: -1.0800 FPS: 210.19
12:02:08.524 [INFO] (pointrobot_trainer.py:174) Total Epi:   126 Steps:     769 Episode Steps:     1 Return: -1.0000 FPS: 73.78
12:02:08.550 [INFO] (pointrobot_trainer.py:174) Total Epi:   127 Steps:     774 Episode Steps:     5 Return: -1.0400 FPS: 195.96
12:02:08.565 [INFO] (pointrobot_trainer.py:174) Total Epi:   128 Steps:     775 Episode Steps:     1 Return: -1.0000 FPS: 75.45
12:02:08.573 [INFO] (pointrobot_trainer.py:174) Total Epi:   129 Steps:     776 Episode Steps:     1 Return: -1.0000 FPS: 151.21
12:02:08.588 [INFO] (pointrobot_trainer.py:174) Total Epi:   130 Steps:     777 Episode Steps:     1 Return: -1.0000 FPS: 74.48
12:02:08.595 [INFO] (pointrobot_trainer.py:174) Total Epi:   131 Steps:     778 Episode Steps:     1 Return: -1.0000 FPS: 147.56
12:02:08.621 [INFO] (pointrobot_trainer.py:174) Total Epi:   132 Steps:     781 Episode Steps:     3 Return: -1.0200 FPS: 126.42
12:02:08.657 [INFO] (pointrobot_trainer.py:174) Total Epi:   133 Steps:     787 Episode Steps:     6 Return: -1.0500 FPS: 169.29
12:02:08.693 [INFO] (pointrobot_trainer.py:174) Total Epi:   134 Steps:     794 Episode Steps:     7 Return: -1.0600 FPS: 201.29
12:02:08.719 [INFO] (pointrobot_trainer.py:174) Total Epi:   135 Steps:     798 Episode Steps:     4 Return: -1.0300 FPS: 162.32
12:02:08.840 [INFO] (pointrobot_trainer.py:174) Total Epi:   136 Steps:     821 Episode Steps:    23 Return: -1.2200 FPS: 192.44
12:02:08.910 [INFO] (pointrobot_trainer.py:174) Total Epi:   137 Steps:     835 Episode Steps:    14 Return: -1.1300 FPS: 203.53
12:02:08.918 [INFO] (pointrobot_trainer.py:174) Total Epi:   138 Steps:     836 Episode Steps:     1 Return: -1.0000 FPS: 149.77
12:02:08.943 [INFO] (pointrobot_trainer.py:174) Total Epi:   139 Steps:     840 Episode Steps:     4 Return: -1.0300 FPS: 164.41
12:02:08.967 [INFO] (pointrobot_trainer.py:174) Total Epi:   140 Steps:     843 Episode Steps:     3 Return: -1.0200 FPS: 130.57
12:02:09.002 [INFO] (pointrobot_trainer.py:174) Total Epi:   141 Steps:     849 Episode Steps:     6 Return: -1.0500 FPS: 179.60
12:02:09.020 [INFO] (pointrobot_trainer.py:174) Total Epi:   142 Steps:     852 Episode Steps:     3 Return: -1.0200 FPS: 178.64
12:02:09.034 [INFO] (pointrobot_trainer.py:174) Total Epi:   143 Steps:     853 Episode Steps:     1 Return: -1.0000 FPS: 76.03
12:02:09.041 [INFO] (pointrobot_trainer.py:174) Total Epi:   144 Steps:     854 Episode Steps:     1 Return: -1.0000 FPS: 150.71
12:02:09.085 [INFO] (pointrobot_trainer.py:174) Total Epi:   145 Steps:     861 Episode Steps:     7 Return: -1.0600 FPS: 166.93
12:02:09.114 [INFO] (pointrobot_trainer.py:174) Total Epi:   146 Steps:     866 Episode Steps:     5 Return: -1.0400 FPS: 179.55
12:02:09.142 [INFO] (pointrobot_trainer.py:174) Total Epi:   147 Steps:     871 Episode Steps:     5 Return:  0.9600 FPS: 186.41
12:02:09.150 [INFO] (pointrobot_trainer.py:174) Total Epi:   148 Steps:     872 Episode Steps:     1 Return: -1.0000 FPS: 156.16
12:02:09.184 [INFO] (pointrobot_trainer.py:174) Total Epi:   149 Steps:     878 Episode Steps:     6 Return: -1.0500 FPS: 180.39
12:02:09.247 [INFO] (pointrobot_trainer.py:174) Total Epi:   150 Steps:     890 Episode Steps:    12 Return: -1.1100 FPS: 195.26
12:02:09.332 [INFO] (pointrobot_trainer.py:174) Total Epi:   151 Steps:     906 Episode Steps:    16 Return: -1.1500 FPS: 191.76
12:02:09.367 [INFO] (pointrobot_trainer.py:174) Total Epi:   152 Steps:     911 Episode Steps:     5 Return: -1.0400 FPS: 147.29
12:02:09.460 [INFO] (pointrobot_trainer.py:174) Total Epi:   153 Steps:     929 Episode Steps:    18 Return: -1.1700 FPS: 197.19
12:02:09.468 [INFO] (pointrobot_trainer.py:174) Total Epi:   154 Steps:     930 Episode Steps:     1 Return: -1.0000 FPS: 146.03
12:02:09.522 [INFO] (pointrobot_trainer.py:174) Total Epi:   155 Steps:     940 Episode Steps:    10 Return: -1.0900 FPS: 190.43
12:02:09.563 [INFO] (pointrobot_trainer.py:174) Total Epi:   156 Steps:     947 Episode Steps:     7 Return: -1.0600 FPS: 172.31
12:02:09.608 [INFO] (pointrobot_trainer.py:174) Total Epi:   157 Steps:     956 Episode Steps:     9 Return: -1.0800 FPS: 207.90
12:02:09.622 [INFO] (pointrobot_trainer.py:174) Total Epi:   158 Steps:     957 Episode Steps:     1 Return: -1.0000 FPS: 78.08
12:02:09.630 [INFO] (pointrobot_trainer.py:174) Total Epi:   159 Steps:     958 Episode Steps:     1 Return: -1.0000 FPS: 155.28
12:02:09.646 [INFO] (pointrobot_trainer.py:174) Total Epi:   160 Steps:     960 Episode Steps:     2 Return: -1.0100 FPS: 131.94
12:02:09.665 [INFO] (pointrobot_trainer.py:174) Total Epi:   161 Steps:     963 Episode Steps:     3 Return:  0.9800 FPS: 168.32
12:02:09.702 [INFO] (pointrobot_trainer.py:174) Total Epi:   162 Steps:     969 Episode Steps:     6 Return: -1.0500 FPS: 169.82
12:02:09.720 [INFO] (pointrobot_trainer.py:174) Total Epi:   163 Steps:     972 Episode Steps:     3 Return: -1.0200 FPS: 172.30
12:02:09.755 [INFO] (pointrobot_trainer.py:174) Total Epi:   164 Steps:     978 Episode Steps:     6 Return: -1.0500 FPS: 175.47
12:02:09.772 [INFO] (pointrobot_trainer.py:174) Total Epi:   165 Steps:     980 Episode Steps:     2 Return: -1.0100 FPS: 127.97
12:02:09.867 [INFO] (pointrobot_trainer.py:174) Total Epi:   166 Steps:     998 Episode Steps:    18 Return: -1.1700 FPS: 192.13
