08:42:05.200 [INFO] (pointrobot_trainer.py:91) Restored None
08:42:05.238 [INFO] (pointrobot_trainer.py:174) Total Epi:     1 Steps:       1 Episode Steps:     1 Return: -1.0000 FPS: 27.11
08:42:05.283 [INFO] (pointrobot_trainer.py:174) Total Epi:     2 Steps:       3 Episode Steps:     2 Return: -1.0100 FPS: 306.50
08:42:05.290 [INFO] (pointrobot_trainer.py:174) Total Epi:     3 Steps:       4 Episode Steps:     1 Return: -1.0000 FPS: 173.69
08:42:05.297 [INFO] (pointrobot_trainer.py:174) Total Epi:     4 Steps:       5 Episode Steps:     1 Return: -1.0000 FPS: 177.14
08:42:09.333 [INFO] (pointrobot_trainer.py:174) Total Epi:     5 Steps:      12 Episode Steps:     7 Return: -1.0600 FPS:  1.73
08:42:09.348 [INFO] (pointrobot_trainer.py:174) Total Epi:     6 Steps:      13 Episode Steps:     1 Return: -1.0000 FPS: 70.10
08:42:09.377 [INFO] (pointrobot_trainer.py:174) Total Epi:     7 Steps:      18 Episode Steps:     5 Return: -1.0400 FPS: 181.73
08:42:09.392 [INFO] (pointrobot_trainer.py:174) Total Epi:     8 Steps:      19 Episode Steps:     1 Return: -1.0000 FPS: 74.29
08:42:09.400 [INFO] (pointrobot_trainer.py:174) Total Epi:     9 Steps:      20 Episode Steps:     1 Return: -1.0000 FPS: 144.73
08:42:09.414 [INFO] (pointrobot_trainer.py:174) Total Epi:    10 Steps:      21 Episode Steps:     1 Return: -1.0000 FPS: 75.65
08:42:09.469 [INFO] (pointrobot_trainer.py:174) Total Epi:    11 Steps:      31 Episode Steps:    10 Return: -1.0900 FPS: 187.05
08:42:09.486 [INFO] (pointrobot_trainer.py:174) Total Epi:    12 Steps:      33 Episode Steps:     2 Return: -1.0100 FPS: 132.12
08:42:09.503 [INFO] (pointrobot_trainer.py:174) Total Epi:    13 Steps:      36 Episode Steps:     3 Return: -1.0200 FPS: 188.33
08:42:09.517 [INFO] (pointrobot_trainer.py:174) Total Epi:    14 Steps:      37 Episode Steps:     1 Return: -1.0000 FPS: 76.31
08:42:09.525 [INFO] (pointrobot_trainer.py:174) Total Epi:    15 Steps:      38 Episode Steps:     1 Return: -1.0000 FPS: 148.84
08:42:09.578 [INFO] (pointrobot_trainer.py:174) Total Epi:    16 Steps:      48 Episode Steps:    10 Return: -1.0900 FPS: 191.96
08:42:09.622 [INFO] (pointrobot_trainer.py:174) Total Epi:    17 Steps:      55 Episode Steps:     7 Return: -1.0600 FPS: 163.90
08:42:09.639 [INFO] (pointrobot_trainer.py:174) Total Epi:    18 Steps:      58 Episode Steps:     3 Return: -1.0200 FPS: 185.94
08:42:09.655 [INFO] (pointrobot_trainer.py:174) Total Epi:    19 Steps:      60 Episode Steps:     2 Return: -1.0100 FPS: 136.58
08:42:09.691 [INFO] (pointrobot_trainer.py:174) Total Epi:    20 Steps:      66 Episode Steps:     6 Return: -1.0500 FPS: 174.45
08:42:09.705 [INFO] (pointrobot_trainer.py:174) Total Epi:    21 Steps:      67 Episode Steps:     1 Return: -1.0000 FPS: 73.56
08:42:09.713 [INFO] (pointrobot_trainer.py:174) Total Epi:    22 Steps:      68 Episode Steps:     1 Return: -1.0000 FPS: 159.67
08:42:09.748 [INFO] (pointrobot_trainer.py:174) Total Epi:    23 Steps:      74 Episode Steps:     6 Return: -1.0500 FPS: 177.45
08:42:09.792 [INFO] (pointrobot_trainer.py:174) Total Epi:    24 Steps:      81 Episode Steps:     7 Return: -1.0600 FPS: 163.98
08:42:09.809 [INFO] (pointrobot_trainer.py:174) Total Epi:    25 Steps:      83 Episode Steps:     2 Return: -1.0100 FPS: 126.02
08:42:09.817 [INFO] (pointrobot_trainer.py:174) Total Epi:    26 Steps:      84 Episode Steps:     1 Return: -1.0000 FPS: 148.07
08:42:09.843 [INFO] (pointrobot_trainer.py:174) Total Epi:    27 Steps:      87 Episode Steps:     3 Return: -1.0200 FPS: 122.79
08:42:09.851 [INFO] (pointrobot_trainer.py:174) Total Epi:    28 Steps:      88 Episode Steps:     1 Return: -1.0000 FPS: 144.64
08:42:09.914 [INFO] (pointrobot_trainer.py:174) Total Epi:    29 Steps:      99 Episode Steps:    11 Return: -1.1000 FPS: 176.55
08:42:09.923 [INFO] (pointrobot_trainer.py:174) Total Epi:    30 Steps:     100 Episode Steps:     1 Return: -1.0000 FPS: 137.63
08:42:09.956 [INFO] (pointrobot_trainer.py:174) Total Epi:    31 Steps:     105 Episode Steps:     5 Return: -1.0400 FPS: 156.49
08:42:09.964 [INFO] (pointrobot_trainer.py:174) Total Epi:    32 Steps:     106 Episode Steps:     1 Return: -1.0000 FPS: 142.40
08:42:10.018 [INFO] (pointrobot_trainer.py:174) Total Epi:    33 Steps:     115 Episode Steps:     9 Return: -1.0800 FPS: 173.37
08:42:10.025 [INFO] (pointrobot_trainer.py:174) Total Epi:    34 Steps:     116 Episode Steps:     1 Return: -1.0000 FPS: 163.88
08:42:10.070 [INFO] (pointrobot_trainer.py:174) Total Epi:    35 Steps:     124 Episode Steps:     8 Return: -1.0700 FPS: 185.34
08:42:10.084 [INFO] (pointrobot_trainer.py:174) Total Epi:    36 Steps:     125 Episode Steps:     1 Return: -1.0000 FPS: 75.10
08:42:10.179 [INFO] (pointrobot_trainer.py:174) Total Epi:    37 Steps:     143 Episode Steps:    18 Return: -1.1700 FPS: 193.16
08:42:10.240 [INFO] (pointrobot_trainer.py:174) Total Epi:    38 Steps:     154 Episode Steps:    11 Return: -1.1000 FPS: 185.18
08:42:10.256 [INFO] (pointrobot_trainer.py:174) Total Epi:    39 Steps:     155 Episode Steps:     1 Return: -1.0000 FPS: 67.56
08:42:10.311 [INFO] (pointrobot_trainer.py:174) Total Epi:    40 Steps:     166 Episode Steps:    11 Return: -1.1000 FPS: 202.06
08:42:10.325 [INFO] (pointrobot_trainer.py:174) Total Epi:    41 Steps:     167 Episode Steps:     1 Return: -1.0000 FPS: 77.36
08:42:10.381 [INFO] (pointrobot_trainer.py:174) Total Epi:    42 Steps:     178 Episode Steps:    11 Return: -1.1000 FPS: 201.07
08:42:10.408 [INFO] (pointrobot_trainer.py:174) Total Epi:    43 Steps:     182 Episode Steps:     4 Return: -1.0300 FPS: 158.96
08:42:10.434 [INFO] (pointrobot_trainer.py:174) Total Epi:    44 Steps:     186 Episode Steps:     4 Return: -1.0300 FPS: 161.51
08:42:10.458 [INFO] (pointrobot_trainer.py:174) Total Epi:    45 Steps:     189 Episode Steps:     3 Return: -1.0200 FPS: 128.67
08:42:10.474 [INFO] (pointrobot_trainer.py:174) Total Epi:    46 Steps:     191 Episode Steps:     2 Return: -1.0100 FPS: 134.21
08:42:10.482 [INFO] (pointrobot_trainer.py:174) Total Epi:    47 Steps:     192 Episode Steps:     1 Return: -1.0000 FPS: 163.82
08:42:10.516 [INFO] (pointrobot_trainer.py:174) Total Epi:    48 Steps:     197 Episode Steps:     5 Return: -1.0400 FPS: 151.54
08:42:10.543 [INFO] (pointrobot_trainer.py:174) Total Epi:    49 Steps:     202 Episode Steps:     5 Return: -1.0400 FPS: 195.88
08:42:10.605 [INFO] (pointrobot_trainer.py:174) Total Epi:    50 Steps:     214 Episode Steps:    12 Return: -1.1100 FPS: 196.10
08:42:10.651 [INFO] (pointrobot_trainer.py:174) Total Epi:    51 Steps:     222 Episode Steps:     8 Return: -1.0700 FPS: 177.62
08:42:10.784 [INFO] (pointrobot_trainer.py:174) Total Epi:    52 Steps:     248 Episode Steps:    26 Return: -1.2500 FPS: 198.78
08:42:10.799 [INFO] (pointrobot_trainer.py:174) Total Epi:    53 Steps:     249 Episode Steps:     1 Return: -1.0000 FPS: 69.72
08:42:10.815 [INFO] (pointrobot_trainer.py:174) Total Epi:    54 Steps:     251 Episode Steps:     2 Return: -1.0100 FPS: 139.10
08:42:10.892 [INFO] (pointrobot_trainer.py:174) Total Epi:    55 Steps:     265 Episode Steps:    14 Return: -1.1300 FPS: 186.38
08:42:10.966 [INFO] (pointrobot_trainer.py:174) Total Epi:    56 Steps:     279 Episode Steps:    14 Return: -1.1300 FPS: 191.48
08:42:10.974 [INFO] (pointrobot_trainer.py:174) Total Epi:    57 Steps:     280 Episode Steps:     1 Return: -1.0000 FPS: 150.54
08:42:10.990 [INFO] (pointrobot_trainer.py:174) Total Epi:    58 Steps:     282 Episode Steps:     2 Return: -1.0100 FPS: 134.84
08:42:11.034 [INFO] (pointrobot_trainer.py:174) Total Epi:    59 Steps:     289 Episode Steps:     7 Return: -1.0600 FPS: 163.93
08:42:11.042 [INFO] (pointrobot_trainer.py:174) Total Epi:    60 Steps:     290 Episode Steps:     1 Return: -1.0000 FPS: 151.68
08:42:11.057 [INFO] (pointrobot_trainer.py:174) Total Epi:    61 Steps:     291 Episode Steps:     1 Return: -1.0000 FPS: 71.10
08:42:11.074 [INFO] (pointrobot_trainer.py:174) Total Epi:    62 Steps:     293 Episode Steps:     2 Return: -1.0100 FPS: 126.43
08:42:11.082 [INFO] (pointrobot_trainer.py:174) Total Epi:    63 Steps:     294 Episode Steps:     1 Return: -1.0000 FPS: 148.79
08:42:11.202 [INFO] (pointrobot_trainer.py:174) Total Epi:    64 Steps:     317 Episode Steps:    23 Return: -1.2200 FPS: 192.96
08:42:11.255 [INFO] (pointrobot_trainer.py:174) Total Epi:    65 Steps:     327 Episode Steps:    10 Return: -1.0900 FPS: 193.46
08:42:11.263 [INFO] (pointrobot_trainer.py:174) Total Epi:    66 Steps:     328 Episode Steps:     1 Return: -1.0000 FPS: 157.15
08:42:11.288 [INFO] (pointrobot_trainer.py:174) Total Epi:    67 Steps:     331 Episode Steps:     3 Return: -1.0200 FPS: 125.50
08:42:11.306 [INFO] (pointrobot_trainer.py:174) Total Epi:    68 Steps:     334 Episode Steps:     3 Return: -1.0200 FPS: 181.32
08:42:11.321 [INFO] (pointrobot_trainer.py:174) Total Epi:    69 Steps:     335 Episode Steps:     1 Return: -1.0000 FPS: 76.04
08:42:11.364 [INFO] (pointrobot_trainer.py:174) Total Epi:    70 Steps:     343 Episode Steps:     8 Return: -1.0700 FPS: 189.27
08:42:11.372 [INFO] (pointrobot_trainer.py:174) Total Epi:    71 Steps:     344 Episode Steps:     1 Return: -1.0000 FPS: 146.26
08:42:11.444 [INFO] (pointrobot_trainer.py:174) Total Epi:    72 Steps:     358 Episode Steps:    14 Return: -1.1300 FPS: 198.07
08:42:11.458 [INFO] (pointrobot_trainer.py:174) Total Epi:    73 Steps:     359 Episode Steps:     1 Return: -1.0000 FPS: 76.73
08:42:11.530 [INFO] (pointrobot_trainer.py:174) Total Epi:    74 Steps:     374 Episode Steps:    15 Return: -1.1400 FPS: 211.39
08:42:11.545 [INFO] (pointrobot_trainer.py:174) Total Epi:    75 Steps:     375 Episode Steps:     1 Return: -1.0000 FPS: 71.97
08:42:11.582 [INFO] (pointrobot_trainer.py:174) Total Epi:    76 Steps:     382 Episode Steps:     7 Return: -1.0600 FPS: 198.55
08:42:11.626 [INFO] (pointrobot_trainer.py:174) Total Epi:    77 Steps:     389 Episode Steps:     7 Return: -1.0600 FPS: 162.62
08:42:11.634 [INFO] (pointrobot_trainer.py:174) Total Epi:    78 Steps:     390 Episode Steps:     1 Return: -1.0000 FPS: 154.88
08:42:11.659 [INFO] (pointrobot_trainer.py:174) Total Epi:    79 Steps:     394 Episode Steps:     4 Return: -1.0300 FPS: 162.91
08:42:11.674 [INFO] (pointrobot_trainer.py:174) Total Epi:    80 Steps:     395 Episode Steps:     1 Return: -1.0000 FPS: 70.76
08:42:11.691 [INFO] (pointrobot_trainer.py:174) Total Epi:    81 Steps:     397 Episode Steps:     2 Return: -1.0100 FPS: 132.86
08:42:11.738 [INFO] (pointrobot_trainer.py:174) Total Epi:    82 Steps:     406 Episode Steps:     9 Return: -1.0800 FPS: 196.09
08:42:11.823 [INFO] (pointrobot_trainer.py:174) Total Epi:    83 Steps:     422 Episode Steps:    16 Return: -1.1500 FPS: 190.96
08:42:11.848 [INFO] (pointrobot_trainer.py:174) Total Epi:    84 Steps:     425 Episode Steps:     3 Return: -1.0200 FPS: 125.63
08:42:11.856 [INFO] (pointrobot_trainer.py:174) Total Epi:    85 Steps:     426 Episode Steps:     1 Return: -1.0000 FPS: 157.96
08:42:11.881 [INFO] (pointrobot_trainer.py:174) Total Epi:    86 Steps:     430 Episode Steps:     4 Return: -1.0300 FPS: 162.00
08:42:11.943 [INFO] (pointrobot_trainer.py:174) Total Epi:    87 Steps:     442 Episode Steps:    12 Return: -1.1100 FPS: 197.81
08:42:12.019 [INFO] (pointrobot_trainer.py:174) Total Epi:    88 Steps:     456 Episode Steps:    14 Return: -1.1300 FPS: 187.15
08:42:12.034 [INFO] (pointrobot_trainer.py:174) Total Epi:    89 Steps:     457 Episode Steps:     1 Return: -1.0000 FPS: 73.71
08:42:12.042 [INFO] (pointrobot_trainer.py:174) Total Epi:    90 Steps:     458 Episode Steps:     1 Return: -1.0000 FPS: 150.02
08:42:12.095 [INFO] (pointrobot_trainer.py:174) Total Epi:    91 Steps:     467 Episode Steps:     9 Return: -1.0800 FPS: 173.72
08:42:12.111 [INFO] (pointrobot_trainer.py:174) Total Epi:    92 Steps:     469 Episode Steps:     2 Return: -1.0100 FPS: 133.14
08:42:12.138 [INFO] (pointrobot_trainer.py:174) Total Epi:    93 Steps:     474 Episode Steps:     5 Return: -1.0400 FPS: 194.26
08:42:12.154 [INFO] (pointrobot_trainer.py:174) Total Epi:    94 Steps:     476 Episode Steps:     2 Return: -1.0100 FPS: 128.46
08:42:12.220 [INFO] (pointrobot_trainer.py:174) Total Epi:    95 Steps:     488 Episode Steps:    12 Return: -1.1100 FPS: 186.23
08:42:12.246 [INFO] (pointrobot_trainer.py:174) Total Epi:    96 Steps:     491 Episode Steps:     3 Return: -1.0200 FPS: 125.15
08:42:12.271 [INFO] (pointrobot_trainer.py:174) Total Epi:    97 Steps:     495 Episode Steps:     4 Return: -1.0300 FPS: 162.36
08:42:12.278 [INFO] (pointrobot_trainer.py:174) Total Epi:    98 Steps:     496 Episode Steps:     1 Return: -1.0000 FPS: 162.64
08:42:12.335 [INFO] (pointrobot_trainer.py:174) Total Epi:    99 Steps:     506 Episode Steps:    10 Return: -1.0900 FPS: 178.92
08:42:12.352 [INFO] (pointrobot_trainer.py:174) Total Epi:   100 Steps:     508 Episode Steps:     2 Return: -1.0100 FPS: 131.53
08:42:12.378 [INFO] (pointrobot_trainer.py:174) Total Epi:   101 Steps:     512 Episode Steps:     4 Return: -1.0300 FPS: 161.97
08:42:12.393 [INFO] (pointrobot_trainer.py:174) Total Epi:   102 Steps:     513 Episode Steps:     1 Return: -1.0000 FPS: 70.21
08:42:12.430 [INFO] (pointrobot_trainer.py:174) Total Epi:   103 Steps:     519 Episode Steps:     6 Return: -1.0500 FPS: 167.70
08:42:12.484 [INFO] (pointrobot_trainer.py:174) Total Epi:   104 Steps:     529 Episode Steps:    10 Return: -1.0900 FPS: 190.92
08:42:12.500 [INFO] (pointrobot_trainer.py:174) Total Epi:   105 Steps:     532 Episode Steps:     3 Return: -1.0200 FPS: 190.95
08:42:12.514 [INFO] (pointrobot_trainer.py:174) Total Epi:   106 Steps:     533 Episode Steps:     1 Return: -1.0000 FPS: 78.61
08:42:12.540 [INFO] (pointrobot_trainer.py:174) Total Epi:   107 Steps:     538 Episode Steps:     5 Return: -1.0400 FPS: 205.04
08:42:12.554 [INFO] (pointrobot_trainer.py:174) Total Epi:   108 Steps:     540 Episode Steps:     2 Return: -1.0100 FPS: 146.64
08:42:12.569 [INFO] (pointrobot_trainer.py:174) Total Epi:   109 Steps:     541 Episode Steps:     1 Return: -1.0000 FPS: 76.31
08:42:12.576 [INFO] (pointrobot_trainer.py:174) Total Epi:   110 Steps:     542 Episode Steps:     1 Return: -1.0000 FPS: 157.60
08:42:12.591 [INFO] (pointrobot_trainer.py:174) Total Epi:   111 Steps:     543 Episode Steps:     1 Return: -1.0000 FPS: 71.68
08:42:12.599 [INFO] (pointrobot_trainer.py:174) Total Epi:   112 Steps:     544 Episode Steps:     1 Return: -1.0000 FPS: 166.00
08:42:12.633 [INFO] (pointrobot_trainer.py:174) Total Epi:   113 Steps:     549 Episode Steps:     5 Return: -1.0400 FPS: 152.24
08:42:12.660 [INFO] (pointrobot_trainer.py:174) Total Epi:   114 Steps:     554 Episode Steps:     5 Return: -1.0400 FPS: 189.81
08:42:12.754 [INFO] (pointrobot_trainer.py:174) Total Epi:   115 Steps:     571 Episode Steps:    17 Return: -1.1600 FPS: 184.75
08:42:12.846 [INFO] (pointrobot_trainer.py:174) Total Epi:   116 Steps:     589 Episode Steps:    18 Return: -1.1700 FPS: 197.71
08:42:12.884 [INFO] (pointrobot_trainer.py:174) Total Epi:   117 Steps:     596 Episode Steps:     7 Return: -1.0600 FPS: 189.06
08:42:12.908 [INFO] (pointrobot_trainer.py:174) Total Epi:   118 Steps:     599 Episode Steps:     3 Return: -1.0200 FPS: 129.23
08:42:12.945 [INFO] (pointrobot_trainer.py:174) Total Epi:   119 Steps:     605 Episode Steps:     6 Return: -1.0500 FPS: 170.46
08:42:13.011 [INFO] (pointrobot_trainer.py:174) Total Epi:   120 Steps:     618 Episode Steps:    13 Return: -1.1200 FPS: 202.54
08:42:13.054 [INFO] (pointrobot_trainer.py:174) Total Epi:   121 Steps:     626 Episode Steps:     8 Return: -1.0700 FPS: 190.10
08:42:13.081 [INFO] (pointrobot_trainer.py:174) Total Epi:   122 Steps:     630 Episode Steps:     4 Return: -1.0300 FPS: 156.31
08:42:13.184 [INFO] (pointrobot_trainer.py:174) Total Epi:   123 Steps:     650 Episode Steps:    20 Return: -1.1900 FPS: 197.05
08:42:13.199 [INFO] (pointrobot_trainer.py:174) Total Epi:   124 Steps:     651 Episode Steps:     1 Return: -1.0000 FPS: 74.92
08:42:13.277 [INFO] (pointrobot_trainer.py:174) Total Epi:   125 Steps:     665 Episode Steps:    14 Return: -1.1300 FPS: 182.01
08:42:13.323 [INFO] (pointrobot_trainer.py:174) Total Epi:   126 Steps:     674 Episode Steps:     9 Return: -1.0800 FPS: 198.43
08:42:13.462 [INFO] (pointrobot_trainer.py:174) Total Epi:   127 Steps:     702 Episode Steps:    28 Return: -1.2700 FPS: 203.17
08:42:13.563 [INFO] (pointrobot_trainer.py:174) Total Epi:   128 Steps:     721 Episode Steps:    19 Return: -1.1800 FPS: 189.92
08:42:13.679 [INFO] (pointrobot_trainer.py:174) Total Epi:   129 Steps:     744 Episode Steps:    23 Return: -1.2200 FPS: 201.74
08:42:13.693 [INFO] (pointrobot_trainer.py:174) Total Epi:   130 Steps:     745 Episode Steps:     1 Return: -1.0000 FPS: 76.82
08:42:13.711 [INFO] (pointrobot_trainer.py:174) Total Epi:   131 Steps:     748 Episode Steps:     3 Return: -1.0200 FPS: 186.40
08:42:13.737 [INFO] (pointrobot_trainer.py:174) Total Epi:   132 Steps:     752 Episode Steps:     4 Return: -1.0300 FPS: 155.10
08:42:13.753 [INFO] (pointrobot_trainer.py:174) Total Epi:   133 Steps:     753 Episode Steps:     1 Return: -1.0000 FPS: 68.18
08:42:13.771 [INFO] (pointrobot_trainer.py:174) Total Epi:   134 Steps:     756 Episode Steps:     3 Return: -1.0200 FPS: 180.70
08:42:13.836 [INFO] (pointrobot_trainer.py:174) Total Epi:   135 Steps:     767 Episode Steps:    11 Return: -1.1000 FPS: 172.23
08:42:13.899 [INFO] (pointrobot_trainer.py:174) Total Epi:   136 Steps:     779 Episode Steps:    12 Return: -1.1100 FPS: 194.83
08:42:13.935 [INFO] (pointrobot_trainer.py:174) Total Epi:   137 Steps:     786 Episode Steps:     7 Return: -1.0600 FPS: 202.69
08:42:14.014 [INFO] (pointrobot_trainer.py:174) Total Epi:   138 Steps:     801 Episode Steps:    15 Return: -1.1400 FPS: 191.54
08:42:14.021 [INFO] (pointrobot_trainer.py:174) Total Epi:   139 Steps:     802 Episode Steps:     1 Return: -1.0000 FPS: 157.56
08:42:14.036 [INFO] (pointrobot_trainer.py:174) Total Epi:   140 Steps:     803 Episode Steps:     1 Return: -1.0000 FPS: 74.62
08:42:14.081 [INFO] (pointrobot_trainer.py:174) Total Epi:   141 Steps:     811 Episode Steps:     8 Return: -1.0700 FPS: 183.46
08:42:14.089 [INFO] (pointrobot_trainer.py:174) Total Epi:   142 Steps:     812 Episode Steps:     1 Return: -1.0000 FPS: 154.53
08:42:14.103 [INFO] (pointrobot_trainer.py:174) Total Epi:   143 Steps:     813 Episode Steps:     1 Return: -1.0000 FPS: 74.30
08:42:14.149 [INFO] (pointrobot_trainer.py:174) Total Epi:   144 Steps:     821 Episode Steps:     8 Return: -1.0700 FPS: 176.36
08:42:14.157 [INFO] (pointrobot_trainer.py:174) Total Epi:   145 Steps:     822 Episode Steps:     1 Return: -1.0000 FPS: 153.20
08:42:14.203 [INFO] (pointrobot_trainer.py:174) Total Epi:   146 Steps:     830 Episode Steps:     8 Return: -1.0700 FPS: 181.07
08:42:14.227 [INFO] (pointrobot_trainer.py:174) Total Epi:   147 Steps:     833 Episode Steps:     3 Return: -1.0200 FPS: 126.42
08:42:14.331 [INFO] (pointrobot_trainer.py:174) Total Epi:   148 Steps:     854 Episode Steps:    21 Return: -1.2000 FPS: 204.82
08:42:14.347 [INFO] (pointrobot_trainer.py:174) Total Epi:   149 Steps:     856 Episode Steps:     2 Return: -1.0100 FPS: 136.33
08:42:14.439 [INFO] (pointrobot_trainer.py:174) Total Epi:   150 Steps:     873 Episode Steps:    17 Return: -1.1600 FPS: 186.43
08:42:14.464 [INFO] (pointrobot_trainer.py:174) Total Epi:   151 Steps:     877 Episode Steps:     4 Return: -1.0300 FPS: 168.36
08:42:14.472 [INFO] (pointrobot_trainer.py:174) Total Epi:   152 Steps:     878 Episode Steps:     1 Return: -1.0000 FPS: 147.32
08:42:14.573 [INFO] (pointrobot_trainer.py:174) Total Epi:   153 Steps:     898 Episode Steps:    20 Return: -1.1900 FPS: 200.89
08:42:14.588 [INFO] (pointrobot_trainer.py:174) Total Epi:   154 Steps:     899 Episode Steps:     1 Return: -1.0000 FPS: 74.89
08:42:14.614 [INFO] (pointrobot_trainer.py:174) Total Epi:   155 Steps:     903 Episode Steps:     4 Return: -1.0300 FPS: 161.72
08:42:14.640 [INFO] (pointrobot_trainer.py:174) Total Epi:   156 Steps:     907 Episode Steps:     4 Return: -1.0300 FPS: 161.98
08:42:14.697 [INFO] (pointrobot_trainer.py:174) Total Epi:   157 Steps:     917 Episode Steps:    10 Return: -1.0900 FPS: 178.71
08:42:14.730 [INFO] (pointrobot_trainer.py:174) Total Epi:   158 Steps:     923 Episode Steps:     6 Return: -1.0500 FPS: 183.40
08:42:14.738 [INFO] (pointrobot_trainer.py:174) Total Epi:   159 Steps:     924 Episode Steps:     1 Return: -1.0000 FPS: 157.44
08:42:14.803 [INFO] (pointrobot_trainer.py:174) Total Epi:   160 Steps:     935 Episode Steps:    11 Return: -1.1000 FPS: 172.25
08:42:14.831 [INFO] (pointrobot_trainer.py:174) Total Epi:   161 Steps:     940 Episode Steps:     5 Return: -1.0400 FPS: 186.49
08:42:14.846 [INFO] (pointrobot_trainer.py:174) Total Epi:   162 Steps:     941 Episode Steps:     1 Return: -1.0000 FPS: 70.66
08:42:14.854 [INFO] (pointrobot_trainer.py:174) Total Epi:   163 Steps:     942 Episode Steps:     1 Return: -1.0000 FPS: 144.59
08:42:14.936 [INFO] (pointrobot_trainer.py:174) Total Epi:   164 Steps:     957 Episode Steps:    15 Return: -1.1400 FPS: 186.40
08:42:14.953 [INFO] (pointrobot_trainer.py:174) Total Epi:   165 Steps:     960 Episode Steps:     3 Return: -1.0200 FPS: 190.34
08:42:15.058 [INFO] (pointrobot_trainer.py:174) Total Epi:   166 Steps:     980 Episode Steps:    20 Return: -1.1900 FPS: 192.69
08:42:15.073 [INFO] (pointrobot_trainer.py:174) Total Epi:   167 Steps:     981 Episode Steps:     1 Return: -1.0000 FPS: 71.01
08:42:15.108 [INFO] (pointrobot_trainer.py:174) Total Epi:   168 Steps:     987 Episode Steps:     6 Return: -1.0500 FPS: 181.52
